<?xml version="1.0" encoding="UTF-8"?><testrun name="AccountDAOTest (1)" project="account-demo" tests="10" started="10" failures="0" errors="1" ignored="0">
  <testsuite name="com.aprilsulu.account.db.AccountDAOTest" time="0.453">
    <testcase name="testTransferWithIdNotFound" classname="com.aprilsulu.account.db.AccountDAOTest" time="0.115"/>
    <testcase name="testFindAllEmpty" classname="com.aprilsulu.account.db.AccountDAOTest" time="0.115"/>
    <testcase name="testCreateAccount" classname="com.aprilsulu.account.db.AccountDAOTest" time="0.052"/>
    <testcase name="testFindAll" classname="com.aprilsulu.account.db.AccountDAOTest" time="0.031"/>
    <testcase name="testFindById" classname="com.aprilsulu.account.db.AccountDAOTest" time="0.031"/>
    <testcase name="testFindByIdNotFound" classname="com.aprilsulu.account.db.AccountDAOTest" time="0.016"/>
    <testcase name="testTransferWithNull" classname="com.aprilsulu.account.db.AccountDAOTest" time="0.031"/>
    <testcase name="testTransferNegativeAmount" classname="com.aprilsulu.account.db.AccountDAOTest" time="0.0">
      <error>java.lang.Exception: Unexpected exception, expected&lt;java.lang.NullPointerException&gt; but was&lt;java.lang.IllegalArgumentException&gt;&#13;
	at org.junit.internal.runners.statements.ExpectException.evaluate(ExpectException.java:28)&#13;
	at org.junit.internal.runners.statements.RunBefores.evaluate(RunBefores.java:26)&#13;
	at org.junit.rules.ExternalResource$1.evaluate(ExternalResource.java:48)&#13;
	at org.junit.rules.RunRules.evaluate(RunRules.java:20)&#13;
	at org.junit.runners.ParentRunner.runLeaf(ParentRunner.java:325)&#13;
	at org.junit.runners.BlockJUnit4ClassRunner.runChild(BlockJUnit4ClassRunner.java:78)&#13;
	at org.junit.runners.BlockJUnit4ClassRunner.runChild(BlockJUnit4ClassRunner.java:57)&#13;
	at org.junit.runners.ParentRunner$3.run(ParentRunner.java:290)&#13;
	at org.junit.runners.ParentRunner$1.schedule(ParentRunner.java:71)&#13;
	at org.junit.runners.ParentRunner.runChildren(ParentRunner.java:288)&#13;
	at org.junit.runners.ParentRunner.access$000(ParentRunner.java:58)&#13;
	at org.junit.runners.ParentRunner$2.evaluate(ParentRunner.java:268)&#13;
	at org.junit.runners.ParentRunner.run(ParentRunner.java:363)&#13;
	at org.eclipse.jdt.internal.junit4.runner.JUnit4TestReference.run(JUnit4TestReference.java:86)&#13;
	at org.eclipse.jdt.internal.junit.runner.TestExecution.run(TestExecution.java:38)&#13;
	at org.eclipse.jdt.internal.junit.runner.RemoteTestRunner.runTests(RemoteTestRunner.java:459)&#13;
	at org.eclipse.jdt.internal.junit.runner.RemoteTestRunner.runTests(RemoteTestRunner.java:678)&#13;
	at org.eclipse.jdt.internal.junit.runner.RemoteTestRunner.run(RemoteTestRunner.java:382)&#13;
	at org.eclipse.jdt.internal.junit.runner.RemoteTestRunner.main(RemoteTestRunner.java:192)&#13;
Caused by: java.lang.IllegalArgumentException: Transfer amount cannot be negative&#13;
	at com.google.common.base.Preconditions.checkArgument(Preconditions.java:122)&#13;
	at com.aprilsulu.account.db.AccountDAO.transfer(AccountDAO.java:49)&#13;
	at com.aprilsulu.account.db.AccountDAOTest.testTransferNegativeAmount(AccountDAOTest.java:99)&#13;
	at sun.reflect.NativeMethodAccessorImpl.invoke0(Native Method)&#13;
	at sun.reflect.NativeMethodAccessorImpl.invoke(Unknown Source)&#13;
	at sun.reflect.DelegatingMethodAccessorImpl.invoke(Unknown Source)&#13;
	at java.lang.reflect.Method.invoke(Unknown Source)&#13;
	at org.junit.runners.model.FrameworkMethod$1.runReflectiveCall(FrameworkMethod.java:50)&#13;
	at org.junit.internal.runners.model.ReflectiveCallable.run(ReflectiveCallable.java:12)&#13;
	at org.junit.runners.model.FrameworkMethod.invokeExplosively(FrameworkMethod.java:47)&#13;
	at org.junit.internal.runners.statements.InvokeMethod.evaluate(InvokeMethod.java:17)&#13;
	at org.junit.internal.runners.statements.ExpectException.evaluate(ExpectException.java:19)&#13;
	... 18 more&#13;
&#13;
</error>
    </testcase>
    <testcase name="testTransferWithNotEnoughBalance" classname="com.aprilsulu.account.db.AccountDAOTest" time="0.031"/>
    <testcase name="testTransfer" classname="com.aprilsulu.account.db.AccountDAOTest" time="0.0"/>
  </testsuite>
</testrun>
