<?xml version="1.0" encoding="UTF-8"?><testrun name="AccountDAOTest" project="bank-example" tests="3" started="3" failures="0" errors="1" ignored="0">
  <testsuite name="com.aprilsulu.bank.db.AccountDAOTest" time="0.258">
    <testcase name="findAll" classname="com.aprilsulu.bank.db.AccountDAOTest" time="0.205"/>
    <testcase name="createAccount" classname="com.aprilsulu.bank.db.AccountDAOTest" time="0.04"/>
    <testcase name="transfer" classname="com.aprilsulu.bank.db.AccountDAOTest" time="0.013">
      <error>java.lang.IllegalStateException: Transaction already active&#13;
	at org.hibernate.engine.transaction.internal.TransactionImpl.begin(TransactionImpl.java:52)&#13;
	at org.hibernate.internal.AbstractSharedSessionContract.beginTransaction(AbstractSharedSessionContract.java:401)&#13;
	at com.aprilsulu.bank.db.AccountDAO.transfer(AccountDAO.java:49)&#13;
	at com.aprilsulu.bank.db.AccountDAOTest.lambda$2(AccountDAOTest.java:51)&#13;
	at io.dropwizard.testing.junit.DAOTestRule.lambda$inTransaction$0(DAOTestRule.java:212)&#13;
	at io.dropwizard.testing.junit.DAOTestRule.inTransaction(DAOTestRule.java:195)&#13;
	at io.dropwizard.testing.junit.DAOTestRule.inTransaction(DAOTestRule.java:211)&#13;
	at com.aprilsulu.bank.db.AccountDAOTest.transfer(AccountDAOTest.java:51)&#13;
	at sun.reflect.NativeMethodAccessorImpl.invoke0(Native Method)&#13;
	at sun.reflect.NativeMethodAccessorImpl.invoke(Unknown Source)&#13;
	at sun.reflect.DelegatingMethodAccessorImpl.invoke(Unknown Source)&#13;
	at java.lang.reflect.Method.invoke(Unknown Source)&#13;
	at org.junit.runners.model.FrameworkMethod$1.runReflectiveCall(FrameworkMethod.java:50)&#13;
	at org.junit.internal.runners.model.ReflectiveCallable.run(ReflectiveCallable.java:12)&#13;
	at org.junit.runners.model.FrameworkMethod.invokeExplosively(FrameworkMethod.java:47)&#13;
	at org.junit.internal.runners.statements.InvokeMethod.evaluate(InvokeMethod.java:17)&#13;
	at org.junit.internal.runners.statements.RunBefores.evaluate(RunBefores.java:26)&#13;
	at org.junit.rules.ExternalResource$1.evaluate(ExternalResource.java:48)&#13;
	at org.junit.rules.RunRules.evaluate(RunRules.java:20)&#13;
	at org.junit.runners.ParentRunner.runLeaf(ParentRunner.java:325)&#13;
	at org.junit.runners.BlockJUnit4ClassRunner.runChild(BlockJUnit4ClassRunner.java:78)&#13;
	at org.junit.runners.BlockJUnit4ClassRunner.runChild(BlockJUnit4ClassRunner.java:57)&#13;
	at org.junit.runners.ParentRunner$3.run(ParentRunner.java:290)&#13;
	at org.junit.runners.ParentRunner$1.schedule(ParentRunner.java:71)&#13;
	at org.junit.runners.ParentRunner.runChildren(ParentRunner.java:288)&#13;
	at org.junit.runners.ParentRunner.access$000(ParentRunner.java:58)&#13;
	at org.junit.runners.ParentRunner$2.evaluate(ParentRunner.java:268)&#13;
	at org.junit.runners.ParentRunner.run(ParentRunner.java:363)&#13;
	at org.eclipse.jdt.internal.junit4.runner.JUnit4TestReference.run(JUnit4TestReference.java:86)&#13;
	at org.eclipse.jdt.internal.junit.runner.TestExecution.run(TestExecution.java:38)&#13;
	at org.eclipse.jdt.internal.junit.runner.RemoteTestRunner.runTests(RemoteTestRunner.java:459)&#13;
	at org.eclipse.jdt.internal.junit.runner.RemoteTestRunner.runTests(RemoteTestRunner.java:678)&#13;
	at org.eclipse.jdt.internal.junit.runner.RemoteTestRunner.run(RemoteTestRunner.java:382)&#13;
	at org.eclipse.jdt.internal.junit.runner.RemoteTestRunner.main(RemoteTestRunner.java:192)&#13;
&#13;
</error>
    </testcase>
  </testsuite>
</testrun>
