<?xml version="1.0" encoding="UTF-8"?><testrun name="java" project="bank-example" tests="16" started="16" failures="0" errors="2" ignored="2">
  <testsuite name="com.aprilsulu.bank.db.TransactionDAOTest" time="1.262">
    <testcase name="findAll" classname="com.aprilsulu.bank.db.TransactionDAOTest" time="0.183"/>
    <testcase name="createAccount" classname="com.aprilsulu.bank.db.TransactionDAOTest" time="1.079"/>
  </testsuite>
  <testsuite name="com.aprilsulu.bank.resources.AccountResourceTest" time="0.219">
    <testcase name="getAccountSuccess" classname="com.aprilsulu.bank.resources.AccountResourceTest" time="0.17"/>
    <testcase name="listAccounts" classname="com.aprilsulu.bank.resources.AccountResourceTest" time="0.011"/>
    <testcase name="getAccountNotFound" classname="com.aprilsulu.bank.resources.AccountResourceTest" time="0.038"/>
  </testsuite>
  <testsuite name="com.aprilsulu.bank.db.AccountDAOTest" time="0.485">
    <testcase name="updateBalance" classname="com.aprilsulu.bank.db.AccountDAOTest" time="0.045"/>
    <testcase name="findAll" classname="com.aprilsulu.bank.db.AccountDAOTest" time="0.034"/>
    <testcase name="createAccount" classname="com.aprilsulu.bank.db.AccountDAOTest" time="0.007"/>
    <testcase name="handlesNullFullName" classname="com.aprilsulu.bank.db.AccountDAOTest" time="0.399" ignored="true"/>
  </testsuite>
  <testsuite name="com.aprilsulu.bank.resources.TransactionResourceTest" time="1.907">
    <testcase name="createTransaction" classname="com.aprilsulu.bank.resources.TransactionResourceTest" time="0.176">
      <error>java.lang.NullPointerException&#13;
	at com.aprilsulu.bank.resources.TransactionResourceTest.createTransaction(TransactionResourceTest.java:101)&#13;
	at sun.reflect.NativeMethodAccessorImpl.invoke0(Native Method)&#13;
	at sun.reflect.NativeMethodAccessorImpl.invoke(Unknown Source)&#13;
	at sun.reflect.DelegatingMethodAccessorImpl.invoke(Unknown Source)&#13;
	at java.lang.reflect.Method.invoke(Unknown Source)&#13;
	at org.junit.runners.model.FrameworkMethod$1.runReflectiveCall(FrameworkMethod.java:50)&#13;
	at org.junit.internal.runners.model.ReflectiveCallable.run(ReflectiveCallable.java:12)&#13;
	at org.junit.runners.model.FrameworkMethod.invokeExplosively(FrameworkMethod.java:47)&#13;
	at org.junit.internal.runners.statements.InvokeMethod.evaluate(InvokeMethod.java:17)&#13;
	at org.junit.internal.runners.statements.RunBefores.evaluate(RunBefores.java:26)&#13;
	at org.junit.internal.runners.statements.RunAfters.evaluate(RunAfters.java:27)&#13;
	at org.junit.runners.ParentRunner.runLeaf(ParentRunner.java:325)&#13;
	at org.junit.runners.BlockJUnit4ClassRunner.runChild(BlockJUnit4ClassRunner.java:78)&#13;
	at org.junit.runners.BlockJUnit4ClassRunner.runChild(BlockJUnit4ClassRunner.java:57)&#13;
	at org.junit.runners.ParentRunner$3.run(ParentRunner.java:290)&#13;
	at org.junit.runners.ParentRunner$1.schedule(ParentRunner.java:71)&#13;
	at org.junit.runners.ParentRunner.runChildren(ParentRunner.java:288)&#13;
	at org.junit.runners.ParentRunner.access$000(ParentRunner.java:58)&#13;
	at org.junit.runners.ParentRunner$2.evaluate(ParentRunner.java:268)&#13;
	at io.dropwizard.testing.junit.ResourceTestRule$1.evaluate(ResourceTestRule.java:198)&#13;
	at org.junit.rules.RunRules.evaluate(RunRules.java:20)&#13;
	at org.junit.runners.ParentRunner.run(ParentRunner.java:363)&#13;
	at org.eclipse.jdt.internal.junit4.runner.JUnit4TestReference.run(JUnit4TestReference.java:86)&#13;
	at org.eclipse.jdt.internal.junit.runner.TestExecution.run(TestExecution.java:38)&#13;
	at org.eclipse.jdt.internal.junit.runner.RemoteTestRunner.runTests(RemoteTestRunner.java:459)&#13;
	at org.eclipse.jdt.internal.junit.runner.RemoteTestRunner.runTests(RemoteTestRunner.java:678)&#13;
	at org.eclipse.jdt.internal.junit.runner.RemoteTestRunner.run(RemoteTestRunner.java:382)&#13;
	at org.eclipse.jdt.internal.junit.runner.RemoteTestRunner.main(RemoteTestRunner.java:192)&#13;
&#13;
org.mockito.exceptions.misusing.UnfinishedVerificationException: 
Missing method call for verify(mock) here:
-&gt; at com.aprilsulu.bank.resources.TransactionResourceTest.createTransaction(TransactionResourceTest.java:101)

Example of correct verification:
    verify(mock).doSomething()

Also, this error might show up because you verify either of: final/private/equals()/hashCode() methods.
Those methods *cannot* be stubbed/verified.
Mocking methods declared on non-public parent classes is not supported.
&#13;
	at com.aprilsulu.bank.resources.TransactionResourceTest.tearDown(TransactionResourceTest.java:57)&#13;
	at sun.reflect.NativeMethodAccessorImpl.invoke0(Native Method)&#13;
	at sun.reflect.NativeMethodAccessorImpl.invoke(Unknown Source)&#13;
	at sun.reflect.DelegatingMethodAccessorImpl.invoke(Unknown Source)&#13;
	at java.lang.reflect.Method.invoke(Unknown Source)&#13;
	at org.junit.runners.model.FrameworkMethod$1.runReflectiveCall(FrameworkMethod.java:50)&#13;
	at org.junit.internal.runners.model.ReflectiveCallable.run(ReflectiveCallable.java:12)&#13;
	at org.junit.runners.model.FrameworkMethod.invokeExplosively(FrameworkMethod.java:47)&#13;
	at org.junit.internal.runners.statements.RunAfters.evaluate(RunAfters.java:33)&#13;
	at org.junit.runners.ParentRunner.runLeaf(ParentRunner.java:325)&#13;
	at org.junit.runners.BlockJUnit4ClassRunner.runChild(BlockJUnit4ClassRunner.java:78)&#13;
	at org.junit.runners.BlockJUnit4ClassRunner.runChild(BlockJUnit4ClassRunner.java:57)&#13;
	at org.junit.runners.ParentRunner$3.run(ParentRunner.java:290)&#13;
	at org.junit.runners.ParentRunner$1.schedule(ParentRunner.java:71)&#13;
	at org.junit.runners.ParentRunner.runChildren(ParentRunner.java:288)&#13;
	at org.junit.runners.ParentRunner.access$000(ParentRunner.java:58)&#13;
	at org.junit.runners.ParentRunner$2.evaluate(ParentRunner.java:268)&#13;
	at io.dropwizard.testing.junit.ResourceTestRule$1.evaluate(ResourceTestRule.java:198)&#13;
	at org.junit.rules.RunRules.evaluate(RunRules.java:20)&#13;
	at org.junit.runners.ParentRunner.run(ParentRunner.java:363)&#13;
	at org.eclipse.jdt.internal.junit4.runner.JUnit4TestReference.run(JUnit4TestReference.java:86)&#13;
	at org.eclipse.jdt.internal.junit.runner.TestExecution.run(TestExecution.java:38)&#13;
	at org.eclipse.jdt.internal.junit.runner.RemoteTestRunner.runTests(RemoteTestRunner.java:459)&#13;
	at org.eclipse.jdt.internal.junit.runner.RemoteTestRunner.runTests(RemoteTestRunner.java:678)&#13;
	at org.eclipse.jdt.internal.junit.runner.RemoteTestRunner.run(RemoteTestRunner.java:382)&#13;
	at org.eclipse.jdt.internal.junit.runner.RemoteTestRunner.main(RemoteTestRunner.java:192)&#13;
&#13;
</error>
    </testcase>
    <testcase name="listTransactions" classname="com.aprilsulu.bank.resources.TransactionResourceTest" time="0.007"/>
    <testcase name="getTransactionNotFound" classname="com.aprilsulu.bank.resources.TransactionResourceTest" time="0.004"/>
    <testcase name="getTransactionSuccess" classname="com.aprilsulu.bank.resources.TransactionResourceTest" time="1.719"/>
  </testsuite>
  <testsuite name="com.aprilsulu.bank.IntegrationTest" time="0.124">
    <testcase name="testPostTransaction" classname="com.aprilsulu.bank.IntegrationTest" time="0.0" ignored="true"/>
    <testcase name="testGetIndividualAccount" classname="com.aprilsulu.bank.IntegrationTest" time="0.089"/>
    <testcase name="testGetAccounts" classname="com.aprilsulu.bank.IntegrationTest" time="0.035"/>
  </testsuite>
</testrun>
