<?xml version="1.0" encoding="UTF-8"?>
<testsuite xmlns:xsi="http://www.w3.org/2001/XMLSchema-instance" xsi:schemaLocation="https://maven.apache.org/surefire/maven-surefire-plugin/xsd/surefire-test-report.xsd" name="com.example.helloworld.resources.ProtectedClassResourceTest" time="0.104" tests="5" errors="0" skipped="0" failures="0">
  <properties>
[...]
</properties>
  <testcase name="testProtectedBasicUserEndpoint" classname="com.example.helloworld.resources.ProtectedClassResourceTest" time="0.072"/>
  <testcase name="testProtectedAdminEndpoint" classname="com.example.helloworld.resources.ProtectedClassResourceTest" time="0.004"/>
  <testcase name="testProtectedBasicUserEndpointPrincipalIsNotAuthorized403" classname="com.example.helloworld.resources.ProtectedClassResourceTest" time="0.005"/>
  <testcase name="testProtectedBasicUserEndpointAsAdmin" classname="com.example.helloworld.resources.ProtectedClassResourceTest" time="0.008"/>
  <testcase name="testProtectedGuestEndpoint" classname="com.example.helloworld.resources.ProtectedClassResourceTest" time="0.003"/>
</testsuite>